[04:28:57] [INIT] KubeJS 2001.6.5-build.16; MC 2001 forge
[04:28:57] [INIT] Loaded plugins:
[04:28:57] [INIT] - dev.latvian.mods.kubejs.forge.BuiltinKubeJSForgePlugin
[04:28:57] [INIT] - com.lowdragmc.lowdraglib.kjs.LDLibKubeJSPlugin
[04:28:57] [INIT] - dev.ftb.mods.ftbxmodcompat.ftbquests.kubejs.KubeJSIntegration
[04:28:57] [INIT] - dev.ftb.mods.ftbxmodcompat.ftbchunks.kubejs.FTBChunksKubeJSPlugin
[04:28:57] [INIT] - dev.ftb.mods.ftbxmodcompat.ftbteams.kubejs.FTBTeamsKubeJSPlugin
[04:28:57] [INIT] - com.gregtechceu.gtceu.integration.kjs.GregTechKubeJSPlugin
[04:28:57] [INIT] - com.tom.createores.kubejs.KubeJSExcavation
[04:28:57] [INIT] - com.almostreliable.morejs.Plugin
[04:28:57] [INIT] - com.blakebr0.cucumber.compat.kubejs.CucumberKubeJSPlugin
[04:28:57] [INIT] - com.almostreliable.ponderjs.PonderJSPlugin
[04:28:58] [INFO] read_json_from_mod.js#5: Loaded Java class 'net.minecraftforge.resource.ResourcePackLoader'
[04:28:58] [INFO] read_json_from_mod.js#8: Loaded Java class 'java.util.stream.Collectors'
[04:28:58] [INFO] read_json_from_mod.js#9: Loaded Java class 'net.minecraft.server.packs.repository.ServerPacksSource'
[04:28:58] [INFO] read_json_from_mod.js#10: Loaded Java class 'net.minecraft.server.packs.resources.FallbackResourceManager'
[04:28:58] [INFO] Loaded script startup_scripts:read_json_from_mod.js in 0.181 s
[04:28:58] [INFO] Loaded script startup_scripts:worldgen.js in 0.005 s
[04:28:58] [INFO] Loaded script startup_scripts:custom_additions.js in 0.005 s
[04:28:58] [INFO] Loaded script startup_scripts:mining_dim_layers.js in 0.002 s
[04:28:58] [INFO] Loaded script startup_scripts:settings.js in 0.013 s
[04:28:58] [INFO] farmingForBlockheads.js#11: Loaded Java class 'net.blay09.mods.farmingforblockheads.api.FarmingForBlockheadsAPI'
[04:28:58] [INFO] Loaded script startup_scripts:farmingForBlockheads.js in 0.007 s
[04:28:58] [INFO] Loaded script startup_scripts:gtceu/neural_node.js in 0.01 s
[04:28:58] [INFO] Loaded script startup_scripts:gtceu/apiary.js in 0.021 s
[04:28:58] [INFO] Loaded script startup_scripts:gtceu/miner.js in 0.012 s
[04:28:58] [INFO] gtceu/greenhouse.js#4: Loaded Java class 'dev.latvian.mods.kubejs.util.Tags'
[04:28:58] [INFO] Loaded script startup_scripts:gtceu/greenhouse.js in 0.011 s
[04:28:58] [INFO] Loaded script startup_scripts:gtceu/alcr.js in 0.008 s
[04:28:58] [INFO] gtceu/material_modification.js#4: Loaded Java class 'com.gregtechceu.gtceu.api.data.chemical.material.properties.FluidProperty'
[04:28:58] [INFO] gtceu/material_modification.js#5: Loaded Java class 'com.gregtechceu.gtceu.api.data.chemical.material.properties.OreProperty'
[04:28:58] [INFO] gtceu/material_modification.js#6: Loaded Java class 'com.gregtechceu.gtceu.api.fluids.FluidBuilder'
[04:28:58] [INFO] gtceu/material_modification.js#7: Loaded Java class 'com.gregtechceu.gtceu.api.fluids.store.FluidStorageKeys'
[04:28:58] [INFO] Loaded script startup_scripts:gtceu/material_modification.js in 0.022 s
[04:28:58] [INFO] gtceu/mega_fusion_reactor.js#4: Loaded Java class 'com.gregtechceu.gtceu.common.machine.multiblock.electric.FusionReactorMachine'
[04:28:58] [INFO] Loaded script startup_scripts:gtceu/mega_fusion_reactor.js in 0.08 s
[04:28:58] [INFO] gtceu/ore_processing_plant.js#4: Loaded Java class 'net.minecraft.sounds.SoundEvents'
[04:28:58] [INFO] gtceu/ore_processing_plant.js#5: Loaded Java class 'net.minecraft.sounds.SoundSource'
[04:28:58] [INFO] gtceu/ore_processing_plant.js#6: Loaded Java class 'com.gregtechceu.gtceu.api.sound.ExistingSoundEntry'
[04:28:58] [INFO] Loaded script startup_scripts:gtceu/ore_processing_plant.js in 0.018 s
[04:28:58] [INFO] gtceu/micro_universe_orb.js#4: Loaded Java class 'com.gregtechceu.gtceu.common.machine.multiblock.part.EnergyHatchPartMachine'
[04:28:58] [INFO] gtceu/micro_universe_orb.js#5: Loaded Java class 'com.gregtechceu.gtceu.api.capability.recipe.IO'
[04:28:58] [INFO] Loaded script startup_scripts:gtceu/micro_universe_orb.js in 0.052 s
[04:28:58] [INFO] Loaded script startup_scripts:gtceu/neocube.js in 0.005 s
[04:28:59] [INFO] gtceu/gregstar_placeholders.js#4: Loaded Java class 'com.gregtechceu.gtceu.common.machine.multiblock.part.RotorHolderPartMachine'
[04:28:59] [INFO] gtceu/gregstar_placeholders.js#5: Loaded Java class 'com.gregtechceu.gtceu.client.renderer.machine.RotorHolderMachineRenderer'
[04:28:59] [INFO] Loaded script startup_scripts:gtceu/gregstar_placeholders.js in 0.019 s
[04:28:59] [INFO] Loaded script startup_scripts:gtceu/starforge.js in 0.006 s
[04:28:59] [INFO] mekanismStartup.js#18: Loaded Java class 'mekanism.api.chemical.slurry.Slurry'
[04:28:59] [INFO] mekanismStartup.js#19: Loaded Java class 'mekanism.api.chemical.slurry.SlurryBuilder'
[04:28:59] [INFO] mekanismStartup.js#20: Loaded Java class 'mekanism.api.chemical.gas.Gas'
[04:28:59] [INFO] mekanismStartup.js#21: Loaded Java class 'mekanism.api.chemical.gas.GasBuilder'
[04:28:59] [INFO] Loaded script startup_scripts:mekanismStartup.js in 0.017 s
[04:28:59] [INFO] mysticalagriculture.js#4: Loaded Java class 'com.blakebr0.mysticalagriculture.api.MysticalAgricultureAPI'
[04:28:59] [INFO] Loaded script startup_scripts:mysticalagriculture.js in 0.003 s
[04:28:59] [INFO] Loaded script startup_scripts:AE2/Universal_Press.js in 0.0 s
[04:28:59] [INFO] Loaded 21/21 KubeJS startup scripts in 1.67 s with 0 errors and 0 warnings
